Thu 13 Apr 2023 03:56:11 PM UTC: 
 hashmap.c | 10 +++++++++-
 1 file changed, 9 insertions(+), 1 deletion(-)
 tests:  1|5
total_score: 10/70
a453bd8
Thu 13 Apr 2023 04:04:07 PM UTC: 
 hashmap.c | 6 ++++++
 1 file changed, 6 insertions(+)
In file included from test.c:4:
hashmap.c: In function ‘insertMap’:
hashmap.c:46:5: error: expected expression before ‘{’ token
   46 |     {
      |     ^
hashmap.c:51:1: error: expected expression before ‘}’ token
   51 | }
      | ^
Compilation failed
1104fe8
Thu 13 Apr 2023 04:09:37 PM UTC: 
 hashmap.c | 9 +++++----
 1 file changed, 5 insertions(+), 4 deletions(-)
 tests:  5|4
total_score: 30/70
eed6180
Thu 20 Apr 2023 05:41:57 PM UTC: 
 hashmap.c | 19 +++++++++++++++++++
 1 file changed, 19 insertions(+)
In file included from test.c:4:
hashmap.c: In function ‘searchMap’:
hashmap.c:84:16: error: comparison between pointer and integer [-Werror]
   84 |     if(Buscado == map->buckets[i])
      |                ^~
hashmap.c:86:7: error: ‘mapa’ undeclared (first use in this function); did you mean ‘map’?
   86 |       mapa->current = Buscado;
      |       ^~~~
      |       map
hashmap.c:86:7: note: each undeclared identifier is reported only once for each function it appears in
hashmap.c:87:14: error: returning ‘long int’ from a function with return type ‘Pair *’ makes pointer from integer without a cast [-Werror=int-conversion]
   87 |       return Buscado;
      |              ^~~~~~~
cc1: all warnings being treated as errors
Compilation failed
708e594
Thu 20 Apr 2023 05:42:25 PM UTC: 
 hashmap.c | 2 +-
 1 file changed, 1 insertion(+), 1 deletion(-)
In file included from test.c:4:
hashmap.c: In function ‘searchMap’:
hashmap.c:84:16: error: comparison between pointer and integer [-Werror]
   84 |     if(Buscado == map->buckets[i])
      |                ^~
hashmap.c:87:14: error: returning ‘long int’ from a function with return type ‘Pair *’ makes pointer from integer without a cast [-Werror=int-conversion]
   87 |       return Buscado;
      |              ^~~~~~~
hashmap.c:91:10: error: ‘mapa’ undeclared (first use in this function); did you mean ‘map’?
   91 |       if(mapa->buckets[i] == NULL)
      |          ^~~~
      |          map
hashmap.c:91:10: note: each undeclared identifier is reported only once for each function it appears in
cc1: all warnings being treated as errors
Compilation failed
72d1213
Thu 20 Apr 2023 05:46:41 PM UTC: 
 hashmap.c | 2 +-
 1 file changed, 1 insertion(+), 1 deletion(-)
In file included from test.c:4:
hashmap.c: In function ‘searchMap’:
hashmap.c:84:16: error: comparison between pointer and integer [-Werror]
   84 |     if(Buscado == map->buckets[i])
      |                ^~
hashmap.c:91:10: error: ‘mapa’ undeclared (first use in this function); did you mean ‘map’?
   91 |       if(mapa->buckets[i] == NULL)
      |          ^~~~
      |          map
hashmap.c:91:10: note: each undeclared identifier is reported only once for each function it appears in
cc1: all warnings being treated as errors
Compilation failed
27b6693
Thu 20 Apr 2023 05:46:57 PM UTC: 
 hashmap.c | 2 +-
 1 file changed, 1 insertion(+), 1 deletion(-)
In file included from test.c:4:
hashmap.c: In function ‘searchMap’:
hashmap.c:84:16: error: comparison between pointer and integer [-Werror]
   84 |     if(Buscado == map->buckets[i])
      |                ^~
cc1: all warnings being treated as errors
Compilation failed
4ef811b
Thu 20 Apr 2023 05:50:30 PM UTC: 
 hashmap.c | 2 +-
 1 file changed, 1 insertion(+), 1 deletion(-)
In file included from test.c:4:
hashmap.c: In function ‘searchMap’:
hashmap.c:84:15: error: passing argument 1 of ‘strcmp’ makes pointer from integer without a cast [-Werror=int-conversion]
   84 |     if(strcmp(Buscado,map->buckets[i])==0)
      |               ^~~~~~~
      |               |
      |               long int
In file included from test.c:3:
/nix/store/4pqv2mwdn88h7xvsm7a5zplrd8sxzvw0-glibc-2.35-163-dev/include/string.h:156:32: note: expected ‘const char *’ but argument is of type ‘long int’
  156 | extern int strcmp (const char *__s1, const char *__s2)
      |                    ~~~~~~~~~~~~^~~~
In file included from test.c:4:
hashmap.c:84:35: error: passing argument 2 of ‘strcmp’ from incompatible pointer type [-Werror=incompatible-pointer-types]
   84 |     if(strcmp(Buscado,map->buckets[i])==0)
      |                       ~~~~~~~~~~~~^~~
      |                                   |
      |                                   Pair *
In file included from test.c:3:
/nix/store/4pqv2mwdn88h7xvsm7a5zplrd8sxzvw0-glibc-2.35-163-dev/include/string.h:156:50: note: expected ‘const char *’ but argument is of type ‘Pair *’
  156 | extern int strcmp (const char *__s1, const char *__s2)
      |                                      ~~~~~~~~~~~~^~~~
cc1: all warnings being treated as errors
Compilation failed
fc6bab9
Thu 20 Apr 2023 05:59:20 PM UTC: 
 hashmap.c | 5 ++---
 1 file changed, 2 insertions(+), 3 deletions(-)
In file included from test.c:4:
hashmap.c: In function ‘searchMap’:
hashmap.c:83:31: error: passing argument 2 of ‘strcmp’ from incompatible pointer type [-Werror=incompatible-pointer-types]
   83 |     if(strcmp(key,map->buckets[i])==0)
      |                   ~~~~~~~~~~~~^~~
      |                               |
      |                               Pair *
In file included from test.c:3:
/nix/store/4pqv2mwdn88h7xvsm7a5zplrd8sxzvw0-glibc-2.35-163-dev/include/string.h:156:50: note: expected ‘const char *’ but argument is of type ‘Pair *’
  156 | extern int strcmp (const char *__s1, const char *__s2)
      |                                      ~~~~~~~~~~~~^~~~
In file included from test.c:4:
hashmap.c:85:20: error: assignment to ‘long int’ from ‘char *’ makes integer from pointer without a cast [-Werror=int-conversion]
   85 |       map->current = key
      |                    ^
hashmap.c:85:25: error: expected ‘;’ before ‘return’
   85 |       map->current = key
      |                         ^
      |                         ;
   86 |       return map->buckets[i];
      |       ~~~~~~             
cc1: all warnings being treated as errors
Compilation failed
c7a2e5b
Thu 20 Apr 2023 05:59:40 PM UTC: 
 hashmap.c | 2 +-
 1 file changed, 1 insertion(+), 1 deletion(-)
In file included from test.c:4:
hashmap.c: In function ‘searchMap’:
hashmap.c:85:20: error: assignment to ‘long int’ from ‘char *’ makes integer from pointer without a cast [-Werror=int-conversion]
   85 |       map->current = key
      |                    ^
hashmap.c:85:25: error: expected ‘;’ before ‘return’
   85 |       map->current = key
      |                         ^
      |                         ;
   86 |       return map->buckets[i];
      |       ~~~~~~             
cc1: all warnings being treated as errors
Compilation failed
75a7caf
Thu 20 Apr 2023 05:59:48 PM UTC: 
 hashmap.c | 2 +-
 1 file changed, 1 insertion(+), 1 deletion(-)
In file included from test.c:4:
hashmap.c: In function ‘searchMap’:
hashmap.c:85:20: error: assignment to ‘long int’ from ‘char *’ makes integer from pointer without a cast [-Werror=int-conversion]
   85 |       map->current = key;
      |                    ^
cc1: all warnings being treated as errors
Compilation failed
cc10aa4
Thu 20 Apr 2023 06:05:44 PM UTC: 
 hashmap.c | 2 +-
 1 file changed, 1 insertion(+), 1 deletion(-)
 tests:  0|0
1bc6239
Thu 20 Apr 2023 06:06:18 PM UTC: 
 hashmap.c | 1 -
 1 file changed, 1 deletion(-)
In file included from test.c:4:
hashmap.c: In function ‘searchMap’:
hashmap.c:100:1: error: control reaches end of non-void function [-Werror=return-type]
  100 | }
      | ^
cc1: all warnings being treated as errors
Compilation failed
05ab947
Thu 20 Apr 2023 06:08:40 PM UTC: 
 hashmap.c | 4 ++--
 1 file changed, 2 insertions(+), 2 deletions(-)
In file included from test.c:4:
hashmap.c: In function ‘searchMap’:
hashmap.c:97:1: error: control reaches end of non-void function [-Werror=return-type]
   97 | }
      | ^
cc1: all warnings being treated as errors
Compilation failed
4110080
Thu 20 Apr 2023 06:55:48 PM UTC: 
 hashmap.c | 12 +++++++-----
 1 file changed, 7 insertions(+), 5 deletions(-)
test.c: In function ‘searchMap’:
test.c:453:5: error: ‘main’ is normally a non-static function [-Werror=main]
  453 | int main( int argc, char *argv[] ) {
      |     ^~~~
test.c:511:1: error: expected declaration or statement at end of input
  511 | }
      | ^
test.c:512: error: control reaches end of non-void function [-Werror=return-type]
At top level:
test.c:453:5: error: ‘main’ defined but not used [-Werror=unused-function]
  453 | int main( int argc, char *argv[] ) {
      |     ^~~~
test.c:217:5: error: ‘insert_test5’ defined but not used [-Werror=unused-function]
  217 | int insert_test5(){ //factor de carga>0.7, se llama a función enlarge
      |     ^~~~~~~~~~~~
test.c:131:6: error: ‘compare_test’ defined but not used [-Werror=unused-function]
  131 | void compare_test(){
      |      ^~~~~~~~~~~~
test.c:125:6: error: ‘hash_test3’ defined but not used [-Werror=unused-function]
  125 | void hash_test3(){ //no random
      |      ^~~~~~~~~~
test.c:111:6: error: ‘hash_test2’ defined but not used [-Werror=unused-function]
  111 | void hash_test2(){ // colisiones
      |      ^~~~~~~~~~
test.c:100:6: error: ‘hash_test1’ defined but not used [-Werror=unused-function]
  100 | void hash_test1(){ // posición válida
      |      ^~~~~~~~~~
cc1: all warnings being treated as errors
Compilation failed
39e8ef2
Thu 20 Apr 2023 06:55:57 PM UTC: 
 hashmap.c | 2 +-
 1 file changed, 1 insertion(+), 1 deletion(-)
test.c: In function ‘searchMap’:
test.c:453:5: error: ‘main’ is normally a non-static function [-Werror=main]
  453 | int main( int argc, char *argv[] ) {
      |     ^~~~
test.c:511:1: error: expected declaration or statement at end of input
  511 | }
      | ^
test.c:512: error: control reaches end of non-void function [-Werror=return-type]
At top level:
test.c:453:5: error: ‘main’ defined but not used [-Werror=unused-function]
  453 | int main( int argc, char *argv[] ) {
      |     ^~~~
test.c:217:5: error: ‘insert_test5’ defined but not used [-Werror=unused-function]
  217 | int insert_test5(){ //factor de carga>0.7, se llama a función enlarge
      |     ^~~~~~~~~~~~
test.c:131:6: error: ‘compare_test’ defined but not used [-Werror=unused-function]
  131 | void compare_test(){
      |      ^~~~~~~~~~~~
test.c:125:6: error: ‘hash_test3’ defined but not used [-Werror=unused-function]
  125 | void hash_test3(){ //no random
      |      ^~~~~~~~~~
test.c:111:6: error: ‘hash_test2’ defined but not used [-Werror=unused-function]
  111 | void hash_test2(){ // colisiones
      |      ^~~~~~~~~~
test.c:100:6: error: ‘hash_test1’ defined but not used [-Werror=unused-function]
  100 | void hash_test1(){ // posición válida
      |      ^~~~~~~~~~
cc1: all warnings being treated as errors
Compilation failed
64d228c
Thu 20 Apr 2023 06:57:30 PM UTC: 
 hashmap.c | 2 ++
 1 file changed, 2 insertions(+)
test.c: In function ‘searchMap’:
test.c:453:5: error: ‘main’ is normally a non-static function [-Werror=main]
  453 | int main( int argc, char *argv[] ) {
      |     ^~~~
test.c:511:1: error: expected declaration or statement at end of input
  511 | }
      | ^
test.c:512: error: control reaches end of non-void function [-Werror=return-type]
At top level:
test.c:453:5: error: ‘main’ defined but not used [-Werror=unused-function]
  453 | int main( int argc, char *argv[] ) {
      |     ^~~~
test.c:217:5: error: ‘insert_test5’ defined but not used [-Werror=unused-function]
  217 | int insert_test5(){ //factor de carga>0.7, se llama a función enlarge
      |     ^~~~~~~~~~~~
test.c:131:6: error: ‘compare_test’ defined but not used [-Werror=unused-function]
  131 | void compare_test(){
      |      ^~~~~~~~~~~~
test.c:125:6: error: ‘hash_test3’ defined but not used [-Werror=unused-function]
  125 | void hash_test3(){ //no random
      |      ^~~~~~~~~~
test.c:111:6: error: ‘hash_test2’ defined but not used [-Werror=unused-function]
  111 | void hash_test2(){ // colisiones
      |      ^~~~~~~~~~
test.c:100:6: error: ‘hash_test1’ defined but not used [-Werror=unused-function]
  100 | void hash_test1(){ // posición válida
      |      ^~~~~~~~~~
cc1: all warnings being treated as errors
Compilation failed
44e1514
Thu 20 Apr 2023 06:58:40 PM UTC: 
 hashmap.c | 4 ----
 1 file changed, 4 deletions(-)
test.c: In function ‘searchMap’:
test.c:453:5: error: ‘main’ is normally a non-static function [-Werror=main]
  453 | int main( int argc, char *argv[] ) {
      |     ^~~~
test.c:511:1: error: expected declaration or statement at end of input
  511 | }
      | ^
test.c:512: error: control reaches end of non-void function [-Werror=return-type]
At top level:
test.c:453:5: error: ‘main’ defined but not used [-Werror=unused-function]
  453 | int main( int argc, char *argv[] ) {
      |     ^~~~
test.c:217:5: error: ‘insert_test5’ defined but not used [-Werror=unused-function]
  217 | int insert_test5(){ //factor de carga>0.7, se llama a función enlarge
      |     ^~~~~~~~~~~~
test.c:131:6: error: ‘compare_test’ defined but not used [-Werror=unused-function]
  131 | void compare_test(){
      |      ^~~~~~~~~~~~
test.c:125:6: error: ‘hash_test3’ defined but not used [-Werror=unused-function]
  125 | void hash_test3(){ //no random
      |      ^~~~~~~~~~
test.c:111:6: error: ‘hash_test2’ defined but not used [-Werror=unused-function]
  111 | void hash_test2(){ // colisiones
      |      ^~~~~~~~~~
test.c:100:6: error: ‘hash_test1’ defined but not used [-Werror=unused-function]
  100 | void hash_test1(){ // posición válida
      |      ^~~~~~~~~~
cc1: all warnings being treated as errors
Compilation failed
f3e50c4
Thu 20 Apr 2023 06:58:44 PM UTC: 
 hashmap.c | 4 ++++
 1 file changed, 4 insertions(+)
test.c: In function ‘searchMap’:
test.c:453:5: error: ‘main’ is normally a non-static function [-Werror=main]
  453 | int main( int argc, char *argv[] ) {
      |     ^~~~
test.c:511:1: error: expected declaration or statement at end of input
  511 | }
      | ^
test.c:512: error: control reaches end of non-void function [-Werror=return-type]
At top level:
test.c:453:5: error: ‘main’ defined but not used [-Werror=unused-function]
  453 | int main( int argc, char *argv[] ) {
      |     ^~~~
test.c:217:5: error: ‘insert_test5’ defined but not used [-Werror=unused-function]
  217 | int insert_test5(){ //factor de carga>0.7, se llama a función enlarge
      |     ^~~~~~~~~~~~
test.c:131:6: error: ‘compare_test’ defined but not used [-Werror=unused-function]
  131 | void compare_test(){
      |      ^~~~~~~~~~~~
test.c:125:6: error: ‘hash_test3’ defined but not used [-Werror=unused-function]
  125 | void hash_test3(){ //no random
      |      ^~~~~~~~~~
test.c:111:6: error: ‘hash_test2’ defined but not used [-Werror=unused-function]
  111 | void hash_test2(){ // colisiones
      |      ^~~~~~~~~~
test.c:100:6: error: ‘hash_test1’ defined but not used [-Werror=unused-function]
  100 | void hash_test1(){ // posición válida
      |      ^~~~~~~~~~
cc1: all warnings being treated as errors
Compilation failed
e6b5bdb
Thu 20 Apr 2023 10:07:28 PM UTC: 
 hashmap.c | 1 +
 1 file changed, 1 insertion(+)
 tests:  8|3
total_score: 40/70
3dd0e4d
Fri 21 Apr 2023 03:30:39 AM UTC: 
 hashmap.c | 9 +++++++++
 1 file changed, 9 insertions(+)
 tests:  0|0
556e4a2
Fri 21 Apr 2023 03:31:24 AM UTC: 
 hashmap.c | 4 +++-
 1 file changed, 3 insertions(+), 1 deletion(-)
 tests:  8|3
total_score: 40/70
3c0cd3a
Fri 21 Apr 2023 03:31:46 AM UTC: 
 hashmap.c | 2 +-
 1 file changed, 1 insertion(+), 1 deletion(-)
 tests:  8|3
total_score: 40/70
bfcd16a
Fri 21 Apr 2023 03:31:59 AM UTC: 
 hashmap.c | 1 +
 1 file changed, 1 insertion(+)
 tests:  8|3
total_score: 40/70
c3bbcd4
Fri 21 Apr 2023 03:32:21 AM UTC: 
 hashmap.c | 1 +
 1 file changed, 1 insertion(+)
 tests:  11|2
total_score: 50/70
33f960e
Fri 21 Apr 2023 03:40:07 AM UTC: 
 hashmap.c | 10 +++++++++-
 1 file changed, 9 insertions(+), 1 deletion(-)
test.c: In function ‘firstMap’:
test.c:453:5: error: ‘main’ is normally a non-static function [-Werror=main]
  453 | int main( int argc, char *argv[] ) {
      |     ^~~~
test.c:511:1: error: expected declaration or statement at end of input
  511 | }
      | ^
test.c:512: error: control reaches end of non-void function [-Werror=return-type]
At top level:
test.c:453:5: error: ‘main’ defined but not used [-Werror=unused-function]
  453 | int main( int argc, char *argv[] ) {
      |     ^~~~
test.c:217:5: error: ‘insert_test5’ defined but not used [-Werror=unused-function]
  217 | int insert_test5(){ //factor de carga>0.7, se llama a función enlarge
      |     ^~~~~~~~~~~~
test.c:131:6: error: ‘compare_test’ defined but not used [-Werror=unused-function]
  131 | void compare_test(){
      |      ^~~~~~~~~~~~
test.c:125:6: error: ‘hash_test3’ defined but not used [-Werror=unused-function]
  125 | void hash_test3(){ //no random
      |      ^~~~~~~~~~
test.c:111:6: error: ‘hash_test2’ defined but not used [-Werror=unused-function]
  111 | void hash_test2(){ // colisiones
      |      ^~~~~~~~~~
test.c:100:6: error: ‘hash_test1’ defined but not used [-Werror=unused-function]
  100 | void hash_test1(){ // posición válida
      |      ^~~~~~~~~~
cc1: all warnings being treated as errors
Compilation failed
af44dd8
Fri 21 Apr 2023 03:40:38 AM UTC: 
 hashmap.c | 1 +
 1 file changed, 1 insertion(+)
 tests:  13|2
total_score: 50/70
06f7394
Fri 21 Apr 2023 03:42:43 AM UTC: 
 hashmap.c | 7 ++++++-
 1 file changed, 6 insertions(+), 1 deletion(-)
 tests:  13|2
total_score: 50/70
49cc9cc
Fri 21 Apr 2023 03:49:54 AM UTC: 
 hashmap.c | 9 +++++++++
 1 file changed, 9 insertions(+)
 tests:  15|2
total_score: 50/70
1e95455
Fri 21 Apr 2023 03:51:44 AM UTC: 
 hashmap.c | 3 ++-
 1 file changed, 2 insertions(+), 1 deletion(-)
In file included from test.c:4:
hashmap.c: In function ‘nextMap’:
hashmap.c:149:1: error: control reaches end of non-void function [-Werror=return-type]
  149 | }
      | ^
cc1: all warnings being treated as errors
Compilation failed
47d4154
